<?xml version="1.0" encoding="UTF-8"?>
<testng-results ignored="0" total="2" passed="2" failed="0" skipped="0">
  <reporter-output>
  </reporter-output>
  <suite started-at="2026-02-16T18:56:04 IST" name="Suite" finished-at="2026-02-16T18:56:04 IST" duration-ms="85">
    <groups>
    </groups>
    <test started-at="2026-02-16T18:56:04 IST" name="Test" finished-at="2026-02-16T18:56:04 IST" duration-ms="85">
      <class name="com.testng.demo_testng_maven.AppTest">
        <test-method is-config="true" signature="setup()[pri:0, instance:com.testng.demo_testng_maven.AppTest@158d2680]" started-at="2026-02-16T18:56:04 IST" name="setup" finished-at="2026-02-16T18:56:04 IST" duration-ms="10" status="PASS">
          <reporter-output>
          </reporter-output>
        </test-method> <!-- setup -->
        <test-method signature="testAddition()[pri:0, instance:com.testng.demo_testng_maven.AppTest@158d2680]" started-at="2026-02-16T18:56:04 IST" name="testAddition" finished-at="2026-02-16T18:56:04 IST" duration-ms="11" status="PASS">
          <reporter-output>
          </reporter-output>
        </test-method> <!-- testAddition -->
        <test-method is-config="true" signature="setup()[pri:0, instance:com.testng.demo_testng_maven.AppTest@158d2680]" started-at="2026-02-16T18:56:04 IST" name="setup" finished-at="2026-02-16T18:56:04 IST" duration-ms="1" status="PASS">
          <reporter-output>
          </reporter-output>
        </test-method> <!-- setup -->
        <test-method signature="secondTest()[pri:0, instance:com.testng.demo_testng_maven.AppTest@158d2680]" started-at="2026-02-16T18:56:04 IST" name="secondTest" finished-at="2026-02-16T18:56:04 IST" depends-on-methods="com.testng.demo_testng_maven.AppTest.testAddition" duration-ms="3" status="PASS">
          <reporter-output>
          </reporter-output>
        </test-method> <!-- secondTest -->
      </class> <!-- com.testng.demo_testng_maven.AppTest -->
    </test> <!-- Test -->
  </suite> <!-- Suite -->
</testng-results>
