<?xml version="1.0" encoding="UTF-8"?>
<!-- Generated by org.testng.reporters.JUnitReportReporter -->
<testsuite hostname="NiteshSharma" failures="0" tests="2" name="com.testng.demo_testng_maven.AppTest" time="0.025" errors="0" timestamp="2026-02-16T18:56:04 IST" skipped="0">
  <testcase classname="com.testng.demo_testng_maven.AppTest" name="secondTest" time="0.004"/>
  <testcase classname="com.testng.demo_testng_maven.AppTest" name="testAddition" time="0.021"/>
</testsuite> <!-- com.testng.demo_testng_maven.AppTest -->
